<?xml version="1.0" encoding="UTF-8"?>
<testng-results skipped="0" failed="0" total="1" passed="1">
  <reporter-output>
  </reporter-output>
  <suite name="Suite" duration-ms="17519" started-at="2020-01-23T18:24:31Z" finished-at="2020-01-23T18:24:49Z">
    <groups>
      <group name="cucumber">
        <method signature="TestRunner.feature(cucumber.api.testng.CucumberFeatureWrapper)[pri:0, instance:CIVICA.CucumberFramework.testRunner.TestRunner@e9a829]" name="feature" class="CIVICA.CucumberFramework.testRunner.TestRunner"/>
      </group> <!-- cucumber -->
    </groups>
    <test name="Test" duration-ms="17519" started-at="2020-01-23T18:24:31Z" finished-at="2020-01-23T18:24:49Z">
      <class name="CIVICA.CucumberFramework.testRunner.TestRunner">
        <test-method status="PASS" signature="setUpClass()[pri:0, instance:CIVICA.CucumberFramework.testRunner.TestRunner@e9a829]" name="setUpClass" is-config="true" duration-ms="540" started-at="2020-01-23T23:54:31Z" finished-at="2020-01-23T23:54:32Z">
          <reporter-output>
          </reporter-output>
        </test-method> <!-- setUpClass -->
        <test-method status="PASS" signature="feature(cucumber.api.testng.CucumberFeatureWrapper)[pri:0, instance:CIVICA.CucumberFramework.testRunner.TestRunner@e9a829]" name="feature" duration-ms="16827" started-at="2020-01-23T23:54:32Z" description="Runs cucmber Features" data-provider="features" finished-at="2020-01-23T23:54:49Z">
          <params>
            <param index="0">
              <value>
                <![CDATA[Sign In]]>
              </value>
            </param>
          </params>
          <reporter-output>
          </reporter-output>
        </test-method> <!-- feature -->
        <test-method status="PASS" signature="testDownClass()[pri:0, instance:CIVICA.CucumberFramework.testRunner.TestRunner@e9a829]" name="testDownClass" is-config="true" duration-ms="22" started-at="2020-01-23T23:54:49Z" finished-at="2020-01-23T23:54:49Z">
          <reporter-output>
          </reporter-output>
        </test-method> <!-- testDownClass -->
      </class> <!-- CIVICA.CucumberFramework.testRunner.TestRunner -->
    </test> <!-- Test -->
  </suite> <!-- Suite -->
</testng-results>
