<?xml version="1.0" encoding="UTF-8"?>
<testng-results skipped="0" failed="0" total="1" passed="1">
  <reporter-output>
  </reporter-output>
  <suite name="Default suite" duration-ms="18772" started-at="2020-01-23T18:23:55Z" finished-at="2020-01-23T18:24:14Z">
    <groups>
      <group name="cucumber">
        <method signature="TestRunner.feature(cucumber.api.testng.CucumberFeatureWrapper)[pri:0, instance:CIVICA.CucumberFramework.testRunner.TestRunner@19c0f4a]" name="feature" class="CIVICA.CucumberFramework.testRunner.TestRunner"/>
      </group> <!-- cucumber -->
    </groups>
    <test name="Default test" duration-ms="18772" started-at="2020-01-23T18:23:55Z" finished-at="2020-01-23T18:24:14Z">
      <class name="CIVICA.CucumberFramework.testRunner.TestRunner">
        <test-method status="PASS" signature="setUpClass()[pri:0, instance:CIVICA.CucumberFramework.testRunner.TestRunner@19c0f4a]" name="setUpClass" is-config="true" duration-ms="545" started-at="2020-01-23T23:53:55Z" finished-at="2020-01-23T23:53:56Z">
          <reporter-output>
          </reporter-output>
        </test-method> <!-- setUpClass -->
        <test-method status="PASS" signature="feature(cucumber.api.testng.CucumberFeatureWrapper)[pri:0, instance:CIVICA.CucumberFramework.testRunner.TestRunner@19c0f4a]" name="feature" duration-ms="18044" started-at="2020-01-23T23:53:56Z" description="Runs cucmber Features" data-provider="features" finished-at="2020-01-23T23:54:14Z">
          <params>
            <param index="0">
              <value>
                <![CDATA[Sign In]]>
              </value>
            </param>
          </params>
          <reporter-output>
          </reporter-output>
        </test-method> <!-- feature -->
        <test-method status="PASS" signature="testDownClass()[pri:0, instance:CIVICA.CucumberFramework.testRunner.TestRunner@19c0f4a]" name="testDownClass" is-config="true" duration-ms="17" started-at="2020-01-23T23:54:14Z" finished-at="2020-01-23T23:54:14Z">
          <reporter-output>
          </reporter-output>
        </test-method> <!-- testDownClass -->
      </class> <!-- CIVICA.CucumberFramework.testRunner.TestRunner -->
    </test> <!-- Default test -->
  </suite> <!-- Default suite -->
</testng-results>
